<?xml version="1.0" encoding="UTF-8"?>
<!-- Generated by org.testng.reporters.JUnitXMLReporter -->
<testsuite hostname="DellXPS13" ignored="0" name="Test" tests="3" failures="1" timestamp="06 Feb 2019 04:06:14 GMT" time="49.017" errors="0">
  <testcase name="Test0001" time="6.266" classname="TEST.Test1"/>
  <testcase name="Test0002" time="2.763" classname="TEST.Test1"/>
  <testcase name="Test0003" time="2.939" classname="TEST.Test1">
    <failure type="java.lang.AssertionError" message="expected [The password you’ve entered is incorrect. Forgot Password?] but found [The email or phone number you’ve entered doesn’t match any account. Sign up for an account.]">
      <![CDATA[java.lang.AssertionError: expected [The password you’ve entered is incorrect. Forgot Password?] but found [The email or phone number you’ve entered doesn’t match any account. Sign up for an account.]at GBLibrary.Global.getAndAssertText(Global.java:83)at Pages.FailedLoginPage.VerifyInvalidPass(FailedLoginPage.java:16)at TEST.Test1.Test0003(Test1.java:34)... Removed 31 stack frames]]>
    </failure>
  </testcase> <!-- Test0003 -->
</testsuite> <!-- Test -->
